◇ injected env (1) from .env // tip: ⌘ multiple files { path: ['.env.local', '.env'] }
[Server] 预加载 SKILL...
[Skill] Not found: D:\ai产品经理\yu-jun-perspective-skill\SKILL.md
[Skill] Not found: D:\ai产品经理\乔布斯\SKILL.md
[Skill] Not found: D:\ai产品经理\马斯克\SKILL.md
[Skill] Not found: D:\ai产品经理\马化腾\SKILL.md
[Skill] Not found: D:\ai产品经理\张一鸣\SKILL.md
[Skill] Not found: D:\ai产品经理\mao-ze-dong-skill\SKILL.md
node:events:486
      throw er; // Unhandled 'error' event
      ^

Error: listen EADDRINUSE: address already in use :::3001
    at Server.setupListenHandle [as _listen2] (node:net:1940:16)
    at listenInCluster (node:net:1997:12)
    at Server.listen (node:net:2102:7)
    at app.listen (D:\ai产品经理\backend\node_modules\express\lib\application.js:635:24)
    at Object.<anonymous> (D:\ai产品经理\backend\server.js:175:5)
    at Module._compile (node:internal/modules/cjs/loader:1761:14)
    at Object..js (node:internal/modules/cjs/loader:1893:10)
    at Module.load (node:internal/modules/cjs/loader:1481:32)
    at Module._load (node:internal/modules/cjs/loader:1300:12)
    at TracingChannel.traceSync (node:diagnostics_channel:328:14)
Emitted 'error' event on Server instance at:
    at emitErrorNT (node:net:1976:8)
    at process.processTicksAndRejections (node:internal/process/task_queues:89:21) {
  code: 'EADDRINUSE',
  errno: -4091,
  syscall: 'listen',
  address: '::',
  port: 3001
}

Node.js v24.13.0
